Analysis & Synthesis report for ACN
Wed Jul 10 15:15:04 2019
Quartus II 64-Bit Version 13.0.0 Build 156 04/24/2013 SJ Full Version


---------------------
; Table of Contents ;
---------------------
  1. Legal Notice
  2. Analysis & Synthesis Summary
  3. Analysis & Synthesis Settings
  4. Parallel Compilation
  5. Analysis & Synthesis Source Files Read
  6. Analysis & Synthesis Resource Usage Summary
  7. Analysis & Synthesis Resource Utilization by Entity
  8. Analysis & Synthesis RAM Summary
  9. Analysis & Synthesis IP Cores Summary
 10. General Register Statistics
 11. Source assignments for altsyncram:altsyncram_component|altsyncram_g4a1:auto_generated
 12. Parameter Settings for User Entity Instance: altsyncram:altsyncram_component
 13. altsyncram Parameter Settings by Entity Instance
 14. Elapsed Time Per Partition
 15. Analysis & Synthesis Messages



----------------
; Legal Notice ;
----------------
Copyright (C) 1991-2013 Altera Corporation
Your use of Altera Corporation's design tools, logic functions 
and other software and tools, and its AMPP partner logic 
functions, and any output files from any of the foregoing 
(including device programming or simulation files), and any 
associated documentation or information are expressly subject 
to the terms and conditions of the Altera Program License 
Subscription Agreement, Altera MegaCore Function License 
Agreement, or other applicable license agreement, including, 
without limitation, that your use is for the sole purpose of 
programming logic devices manufactured by Altera and sold by 
Altera or its authorized distributors.  Please refer to the 
applicable agreement for further details.



+----------------------------------------------------------------------------------+
; Analysis & Synthesis Summary                                                     ;
+------------------------------------+---------------------------------------------+
; Analysis & Synthesis Status        ; Successful - Wed Jul 10 15:15:04 2019       ;
; Quartus II 64-Bit Version          ; 13.0.0 Build 156 04/24/2013 SJ Full Version ;
; Revision Name                      ; ACN                                         ;
; Top-level Entity Name              ; rom_weight2                                 ;
; Family                             ; Cyclone II                                  ;
; Total logic elements               ; 406                                         ;
;     Total combinational functions  ; 396                                         ;
;     Dedicated logic registers      ; 10                                          ;
; Total registers                    ; 10                                          ;
; Total pins                         ; 18                                          ;
; Total virtual pins                 ; 16                                          ;
; Total memory bits                  ; 2,097,152                                   ;
; Embedded Multiplier 9-bit elements ; 0                                           ;
; Total PLLs                         ; 0                                           ;
+------------------------------------+---------------------------------------------+


+----------------------------------------------------------------------------------------------------------------------+
; Analysis & Synthesis Settings                                                                                        ;
+----------------------------------------------------------------------------+--------------------+--------------------+
; Option                                                                     ; Setting            ; Default Value      ;
+----------------------------------------------------------------------------+--------------------+--------------------+
; Device                                                                     ; EP2C15AF256A7      ;                    ;
; Top-level entity name                                                      ; rom_weight2        ; ACN                ;
; Family name                                                                ; Cyclone II         ; Cyclone IV GX      ;
; Use smart compilation                                                      ; Off                ; Off                ;
; Enable parallel Assembler and TimeQuest Timing Analyzer during compilation ; On                 ; On                 ;
; Enable compact report table                                                ; Off                ; Off                ;
; Restructure Multiplexers                                                   ; Auto               ; Auto               ;
; Create Debugging Nodes for IP Cores                                        ; Off                ; Off                ;
; Preserve fewer node names                                                  ; On                 ; On                 ;
; Disable OpenCore Plus hardware evaluation                                  ; Off                ; Off                ;
; Verilog Version                                                            ; Verilog_2001       ; Verilog_2001       ;
; VHDL Version                                                               ; VHDL_1993          ; VHDL_1993          ;
; State Machine Processing                                                   ; Auto               ; Auto               ;
; Safe State Machine                                                         ; Off                ; Off                ;
; Extract Verilog State Machines                                             ; On                 ; On                 ;
; Extract VHDL State Machines                                                ; On                 ; On                 ;
; Ignore Verilog initial constructs                                          ; Off                ; Off                ;
; Iteration limit for constant Verilog loops                                 ; 5000               ; 5000               ;
; Iteration limit for non-constant Verilog loops                             ; 250                ; 250                ;
; Add Pass-Through Logic to Inferred RAMs                                    ; On                 ; On                 ;
; Infer RAMs from Raw Logic                                                  ; On                 ; On                 ;
; Parallel Synthesis                                                         ; Off                ; Off                ;
; DSP Block Balancing                                                        ; Auto               ; Auto               ;
; NOT Gate Push-Back                                                         ; On                 ; On                 ;
; Power-Up Don't Care                                                        ; On                 ; On                 ;
; Remove Redundant Logic Cells                                               ; Off                ; Off                ;
; Remove Duplicate Registers                                                 ; On                 ; On                 ;
; Ignore CARRY Buffers                                                       ; Off                ; Off                ;
; Ignore CASCADE Buffers                                                     ; Off                ; Off                ;
; Ignore GLOBAL Buffers                                                      ; Off                ; Off                ;
; Ignore ROW GLOBAL Buffers                                                  ; Off                ; Off                ;
; Ignore LCELL Buffers                                                       ; Off                ; Off                ;
; Ignore SOFT Buffers                                                        ; On                 ; On                 ;
; Limit AHDL Integers to 32 Bits                                             ; Off                ; Off                ;
; Optimization Technique                                                     ; Balanced           ; Balanced           ;
; Carry Chain Length                                                         ; 70                 ; 70                 ;
; Auto Carry Chains                                                          ; On                 ; On                 ;
; Auto Open-Drain Pins                                                       ; On                 ; On                 ;
; Perform WYSIWYG Primitive Resynthesis                                      ; Off                ; Off                ;
; Auto ROM Replacement                                                       ; On                 ; On                 ;
; Auto RAM Replacement                                                       ; On                 ; On                 ;
; Auto Shift Register Replacement                                            ; Auto               ; Auto               ;
; Allow Shift Register Merging across Hierarchies                            ; Auto               ; Auto               ;
; Auto Clock Enable Replacement                                              ; On                 ; On                 ;
; Strict RAM Replacement                                                     ; Off                ; Off                ;
; Allow Synchronous Control Signals                                          ; On                 ; On                 ;
; Force Use of Synchronous Clear Signals                                     ; Off                ; Off                ;
; Auto RAM to Logic Cell Conversion                                          ; Off                ; Off                ;
; Auto Resource Sharing                                                      ; Off                ; Off                ;
; Allow Any RAM Size For Recognition                                         ; Off                ; Off                ;
; Allow Any ROM Size For Recognition                                         ; Off                ; Off                ;
; Allow Any Shift Register Size For Recognition                              ; Off                ; Off                ;
; Use LogicLock Constraints during Resource Balancing                        ; On                 ; On                 ;
; Ignore translate_off and synthesis_off directives                          ; Off                ; Off                ;
; Timing-Driven Synthesis                                                    ; Off                ; Off                ;
; Report Parameter Settings                                                  ; On                 ; On                 ;
; Report Source Assignments                                                  ; On                 ; On                 ;
; Report Connectivity Checks                                                 ; On                 ; On                 ;
; Ignore Maximum Fan-Out Assignments                                         ; Off                ; Off                ;
; Synchronization Register Chain Length                                      ; 2                  ; 2                  ;
; PowerPlay Power Optimization                                               ; Normal compilation ; Normal compilation ;
; HDL message level                                                          ; Level2             ; Level2             ;
; Suppress Register Optimization Related Messages                            ; Off                ; Off                ;
; Number of Removed Registers Reported in Synthesis Report                   ; 5000               ; 5000               ;
; Number of Swept Nodes Reported in Synthesis Report                         ; 5000               ; 5000               ;
; Number of Inverted Registers Reported in Synthesis Report                  ; 100                ; 100                ;
; Clock MUX Protection                                                       ; On                 ; On                 ;
; Auto Gated Clock Conversion                                                ; Off                ; Off                ;
; Block Design Naming                                                        ; Auto               ; Auto               ;
; SDC constraint protection                                                  ; Off                ; Off                ;
; Synthesis Effort                                                           ; Auto               ; Auto               ;
; Shift Register Replacement - Allow Asynchronous Clear Signal               ; On                 ; On                 ;
; Pre-Mapping Resynthesis Optimization                                       ; Off                ; Off                ;
; Analysis & Synthesis Message Level                                         ; Medium             ; Medium             ;
; Disable Register Merging Across Hierarchies                                ; Auto               ; Auto               ;
; Resource Aware Inference For Block RAM                                     ; On                 ; On                 ;
; Synthesis Seed                                                             ; 1                  ; 1                  ;
+----------------------------------------------------------------------------+--------------------+--------------------+


+------------------------------------------+
; Parallel Compilation                     ;
+----------------------------+-------------+
; Processors                 ; Number      ;
+----------------------------+-------------+
; Number detected on machine ; 4           ;
; Maximum allowed            ; 2           ;
;                            ;             ;
; Average used               ; 1.00        ;
; Maximum used               ; 1           ;
;                            ;             ;
; Usage by Processor         ; % Time Used ;
;     Processor 1            ; 100.0%      ;
;     Processors 2-4         ;   0.0%      ;
+----------------------------+-------------+


+---------------------------------------------------------------------------------------------------------------------------------------------------------------------------------+
; Analysis & Synthesis Source Files Read                                                                                                                                          ;
+-------------------------------------+-----------------+----------------------------------------+----------------------------------------------------------------------+---------+
; File Name with User-Entered Path    ; Used in Netlist ; File Type                              ; File Name with Absolute Path                                         ; Library ;
+-------------------------------------+-----------------+----------------------------------------+----------------------------------------------------------------------+---------+
; rom_weight2.v                       ; yes             ; User Wizard-Generated File             ; D:/altera/13.0/verilog/all_connected_network/rom_weight2.v           ;         ;
; altsyncram.tdf                      ; yes             ; Megafunction                           ; d:/altera/13.0/quartus/libraries/megafunctions/altsyncram.tdf        ;         ;
; stratix_ram_block.inc               ; yes             ; Megafunction                           ; d:/altera/13.0/quartus/libraries/megafunctions/stratix_ram_block.inc ;         ;
; lpm_mux.inc                         ; yes             ; Megafunction                           ; d:/altera/13.0/quartus/libraries/megafunctions/lpm_mux.inc           ;         ;
; lpm_decode.inc                      ; yes             ; Megafunction                           ; d:/altera/13.0/quartus/libraries/megafunctions/lpm_decode.inc        ;         ;
; aglobal130.inc                      ; yes             ; Megafunction                           ; d:/altera/13.0/quartus/libraries/megafunctions/aglobal130.inc        ;         ;
; a_rdenreg.inc                       ; yes             ; Megafunction                           ; d:/altera/13.0/quartus/libraries/megafunctions/a_rdenreg.inc         ;         ;
; altrom.inc                          ; yes             ; Megafunction                           ; d:/altera/13.0/quartus/libraries/megafunctions/altrom.inc            ;         ;
; altram.inc                          ; yes             ; Megafunction                           ; d:/altera/13.0/quartus/libraries/megafunctions/altram.inc            ;         ;
; altdpram.inc                        ; yes             ; Megafunction                           ; d:/altera/13.0/quartus/libraries/megafunctions/altdpram.inc          ;         ;
; db/altsyncram_g4a1.tdf              ; yes             ; Auto-Generated Megafunction            ; D:/altera/13.0/verilog/all_connected_network/db/altsyncram_g4a1.tdf  ;         ;
; /all connected network/weight_2.mif ; yes             ; Auto-Found Memory Initialization File  ; /all connected network/weight_2.mif                                  ;         ;
; db/decode_opa.tdf                   ; yes             ; Auto-Generated Megafunction            ; D:/altera/13.0/verilog/all_connected_network/db/decode_opa.tdf       ;         ;
; db/mux_nlb.tdf                      ; yes             ; Auto-Generated Megafunction            ; D:/altera/13.0/verilog/all_connected_network/db/mux_nlb.tdf          ;         ;
+-------------------------------------+-----------------+----------------------------------------+----------------------------------------------------------------------+---------+


+-------------------------------------------------------+
; Analysis & Synthesis Resource Usage Summary           ;
+---------------------------------------------+---------+
; Resource                                    ; Usage   ;
+---------------------------------------------+---------+
; Estimated Total logic elements              ; 406     ;
;                                             ;         ;
; Total combinational functions               ; 396     ;
; Logic element usage by number of LUT inputs ;         ;
;     -- 4 input functions                    ; 368     ;
;     -- 3 input functions                    ; 20      ;
;     -- <=2 input functions                  ; 8       ;
;                                             ;         ;
; Logic elements by mode                      ;         ;
;     -- normal mode                          ; 396     ;
;     -- arithmetic mode                      ; 0       ;
;                                             ;         ;
; Total registers                             ; 10      ;
;     -- Dedicated logic registers            ; 10      ;
;     -- I/O registers                        ; 0       ;
;                                             ;         ;
; Virtual pins                                ; 16      ;
; I/O pins                                    ; 18      ;
; Total memory bits                           ; 2097152 ;
; Embedded Multiplier 9-bit elements          ; 0       ;
; Maximum fan-out node                        ; clock   ;
; Maximum fan-out                             ; 522     ;
; Total fan-out                               ; 8752    ;
; Average fan-out                             ; 9.19    ;
+---------------------------------------------+---------+


+------------------------------------------------------------------------------------------------------------------------------------------------------------------------------------------------------------------------------------------------------------------------+
; Analysis & Synthesis Resource Utilization by Entity                                                                                                                                                                                                                    ;
+----------------------------------------+-------------------+--------------+-------------+--------------+---------+-----------+------+--------------+----------------------------------------------------------------------------------------------------+--------------+
; Compilation Hierarchy Node             ; LC Combinationals ; LC Registers ; Memory Bits ; DSP Elements ; DSP 9x9 ; DSP 18x18 ; Pins ; Virtual Pins ; Full Hierarchy Name                                                                                ; Library Name ;
+----------------------------------------+-------------------+--------------+-------------+--------------+---------+-----------+------+--------------+----------------------------------------------------------------------------------------------------+--------------+
; |rom_weight2                           ; 396 (0)           ; 10 (0)       ; 2097152     ; 0            ; 0       ; 0         ; 18   ; 16           ; |rom_weight2                                                                                       ;              ;
;    |altsyncram:altsyncram_component|   ; 396 (0)           ; 10 (0)       ; 2097152     ; 0            ; 0       ; 0         ; 0    ; 0            ; |rom_weight2|altsyncram:altsyncram_component                                                       ;              ;
;       |altsyncram_g4a1:auto_generated| ; 396 (0)           ; 10 (10)      ; 2097152     ; 0            ; 0       ; 0         ; 0    ; 0            ; |rom_weight2|altsyncram:altsyncram_component|altsyncram_g4a1:auto_generated                        ;              ;
;          |decode_opa:deep_decode|      ; 36 (36)           ; 0 (0)        ; 0           ; 0            ; 0       ; 0         ; 0    ; 0            ; |rom_weight2|altsyncram:altsyncram_component|altsyncram_g4a1:auto_generated|decode_opa:deep_decode ;              ;
;          |mux_nlb:mux2|                ; 360 (360)         ; 0 (0)        ; 0           ; 0            ; 0       ; 0         ; 0    ; 0            ; |rom_weight2|altsyncram:altsyncram_component|altsyncram_g4a1:auto_generated|mux_nlb:mux2           ;              ;
+----------------------------------------+-------------------+--------------+-------------+--------------+---------+-----------+------+--------------+----------------------------------------------------------------------------------------------------+--------------+
Note: For table entries with two numbers listed, the numbers in parentheses indicate the number of resources of the given type used by the specific entity alone. The numbers listed outside of parentheses indicate the total resources of the given type used by the specific entity and all of its sub-entities in the hierarchy.


+----------------------------------------------------------------------------------------------------------------------------------------------------------------------------------------------------------------+
; Analysis & Synthesis RAM Summary                                                                                                                                                                               ;
+---------------------------------------------------------------------------+------+------+--------------+--------------+--------------+--------------+---------+------------------------------------------------+
; Name                                                                      ; Type ; Mode ; Port A Depth ; Port A Width ; Port B Depth ; Port B Width ; Size    ; MIF                                            ;
+---------------------------------------------------------------------------+------+------+--------------+--------------+--------------+--------------+---------+------------------------------------------------+
; altsyncram:altsyncram_component|altsyncram_g4a1:auto_generated|ALTSYNCRAM ; AUTO ; ROM  ; 131072       ; 16           ; --           ; --           ; 2097152 ; ../../../../all connected network/weight_2.mif ;
+---------------------------------------------------------------------------+------+------+--------------+--------------+--------------+--------------+---------+------------------------------------------------+


+----------------------------------------------------------------------------------------------------------------------------------------------+
; Analysis & Synthesis IP Cores Summary                                                                                                        ;
+--------+--------------+---------+--------------+--------------+-----------------+------------------------------------------------------------+
; Vendor ; IP Core Name ; Version ; Release Date ; License Type ; Entity Instance ; IP Include File                                            ;
+--------+--------------+---------+--------------+--------------+-----------------+------------------------------------------------------------+
; Altera ; ROM: 1-PORT  ; 13.0    ; N/A          ; N/A          ; |rom_weight2    ; D:/altera/13.0/verilog/all_connected_network/rom_weight2.v ;
+--------+--------------+---------+--------------+--------------+-----------------+------------------------------------------------------------+


+------------------------------------------------------+
; General Register Statistics                          ;
+----------------------------------------------+-------+
; Statistic                                    ; Value ;
+----------------------------------------------+-------+
; Total registers                              ; 10    ;
; Number of registers using Synchronous Clear  ; 0     ;
; Number of registers using Synchronous Load   ; 0     ;
; Number of registers using Asynchronous Clear ; 0     ;
; Number of registers using Asynchronous Load  ; 0     ;
; Number of registers using Clock Enable       ; 0     ;
; Number of registers using Preset             ; 0     ;
+----------------------------------------------+-------+


+---------------------------------------------------------------------------------------+
; Source assignments for altsyncram:altsyncram_component|altsyncram_g4a1:auto_generated ;
+---------------------------------+--------------------+------+-------------------------+
; Assignment                      ; Value              ; From ; To                      ;
+---------------------------------+--------------------+------+-------------------------+
; OPTIMIZE_POWER_DURING_SYNTHESIS ; NORMAL_COMPILATION ; -    ; -                       ;
+---------------------------------+--------------------+------+-------------------------+


+------------------------------------------------------------------------------------------------------+
; Parameter Settings for User Entity Instance: altsyncram:altsyncram_component                         ;
+------------------------------------+------------------------------------------------+----------------+
; Parameter Name                     ; Value                                          ; Type           ;
+------------------------------------+------------------------------------------------+----------------+
; BYTE_SIZE_BLOCK                    ; 8                                              ; Untyped        ;
; AUTO_CARRY_CHAINS                  ; ON                                             ; AUTO_CARRY     ;
; IGNORE_CARRY_BUFFERS               ; OFF                                            ; IGNORE_CARRY   ;
; AUTO_CASCADE_CHAINS                ; ON                                             ; AUTO_CASCADE   ;
; IGNORE_CASCADE_BUFFERS             ; OFF                                            ; IGNORE_CASCADE ;
; WIDTH_BYTEENA                      ; 1                                              ; Untyped        ;
; OPERATION_MODE                     ; ROM                                            ; Untyped        ;
; WIDTH_A                            ; 16                                             ; Signed Integer ;
; WIDTHAD_A                          ; 17                                             ; Signed Integer ;
; NUMWORDS_A                         ; 131072                                         ; Signed Integer ;
; OUTDATA_REG_A                      ; CLOCK0                                         ; Untyped        ;
; ADDRESS_ACLR_A                     ; NONE                                           ; Untyped        ;
; OUTDATA_ACLR_A                     ; NONE                                           ; Untyped        ;
; WRCONTROL_ACLR_A                   ; NONE                                           ; Untyped        ;
; INDATA_ACLR_A                      ; NONE                                           ; Untyped        ;
; BYTEENA_ACLR_A                     ; NONE                                           ; Untyped        ;
; WIDTH_B                            ; 1                                              ; Untyped        ;
; WIDTHAD_B                          ; 1                                              ; Untyped        ;
; NUMWORDS_B                         ; 1                                              ; Untyped        ;
; INDATA_REG_B                       ; CLOCK1                                         ; Untyped        ;
; WRCONTROL_WRADDRESS_REG_B          ; CLOCK1                                         ; Untyped        ;
; RDCONTROL_REG_B                    ; CLOCK1                                         ; Untyped        ;
; ADDRESS_REG_B                      ; CLOCK1                                         ; Untyped        ;
; OUTDATA_REG_B                      ; UNREGISTERED                                   ; Untyped        ;
; BYTEENA_REG_B                      ; CLOCK1                                         ; Untyped        ;
; INDATA_ACLR_B                      ; NONE                                           ; Untyped        ;
; WRCONTROL_ACLR_B                   ; NONE                                           ; Untyped        ;
; ADDRESS_ACLR_B                     ; NONE                                           ; Untyped        ;
; OUTDATA_ACLR_B                     ; NONE                                           ; Untyped        ;
; RDCONTROL_ACLR_B                   ; NONE                                           ; Untyped        ;
; BYTEENA_ACLR_B                     ; NONE                                           ; Untyped        ;
; WIDTH_BYTEENA_A                    ; 1                                              ; Signed Integer ;
; WIDTH_BYTEENA_B                    ; 1                                              ; Untyped        ;
; RAM_BLOCK_TYPE                     ; AUTO                                           ; Untyped        ;
; BYTE_SIZE                          ; 8                                              ; Untyped        ;
; READ_DURING_WRITE_MODE_MIXED_PORTS ; DONT_CARE                                      ; Untyped        ;
; READ_DURING_WRITE_MODE_PORT_A      ; NEW_DATA_NO_NBE_READ                           ; Untyped        ;
; READ_DURING_WRITE_MODE_PORT_B      ; NEW_DATA_NO_NBE_READ                           ; Untyped        ;
; INIT_FILE                          ; ../../../../all connected network/weight_2.mif ; Untyped        ;
; INIT_FILE_LAYOUT                   ; PORT_A                                         ; Untyped        ;
; MAXIMUM_DEPTH                      ; 0                                              ; Untyped        ;
; CLOCK_ENABLE_INPUT_A               ; BYPASS                                         ; Untyped        ;
; CLOCK_ENABLE_INPUT_B               ; NORMAL                                         ; Untyped        ;
; CLOCK_ENABLE_OUTPUT_A              ; BYPASS                                         ; Untyped        ;
; CLOCK_ENABLE_OUTPUT_B              ; NORMAL                                         ; Untyped        ;
; CLOCK_ENABLE_CORE_A                ; USE_INPUT_CLKEN                                ; Untyped        ;
; CLOCK_ENABLE_CORE_B                ; USE_INPUT_CLKEN                                ; Untyped        ;
; ENABLE_ECC                         ; FALSE                                          ; Untyped        ;
; ECC_PIPELINE_STAGE_ENABLED         ; FALSE                                          ; Untyped        ;
; WIDTH_ECCSTATUS                    ; 3                                              ; Untyped        ;
; DEVICE_FAMILY                      ; Cyclone II                                     ; Untyped        ;
; CBXI_PARAMETER                     ; altsyncram_g4a1                                ; Untyped        ;
+------------------------------------+------------------------------------------------+----------------+
Note: In order to hide this table in the UI and the text report file, please set the "Show Parameter Settings in Synthesis Report" option in "Analysis and Synthesis Settings -> More Settings" to "Off".


+-----------------------------------------------------------------------------+
; altsyncram Parameter Settings by Entity Instance                            ;
+-------------------------------------------+---------------------------------+
; Name                                      ; Value                           ;
+-------------------------------------------+---------------------------------+
; Number of entity instances                ; 1                               ;
; Entity Instance                           ; altsyncram:altsyncram_component ;
;     -- OPERATION_MODE                     ; ROM                             ;
;     -- WIDTH_A                            ; 16                              ;
;     -- NUMWORDS_A                         ; 131072                          ;
;     -- OUTDATA_REG_A                      ; CLOCK0                          ;
;     -- WIDTH_B                            ; 1                               ;
;     -- NUMWORDS_B                         ; 1                               ;
;     -- ADDRESS_REG_B                      ; CLOCK1                          ;
;     -- OUTDATA_REG_B                      ; UNREGISTERED                    ;
;     -- RAM_BLOCK_TYPE                     ; AUTO                            ;
;     -- READ_DURING_WRITE_MODE_MIXED_PORTS ; DONT_CARE                       ;
+-------------------------------------------+---------------------------------+


+-------------------------------+
; Elapsed Time Per Partition    ;
+----------------+--------------+
; Partition Name ; Elapsed Time ;
+----------------+--------------+
; Top            ; 00:00:02     ;
+----------------+--------------+


+-------------------------------+
; Analysis & Synthesis Messages ;
+-------------------------------+
Info: *******************************************************************
Info: Running Quartus II 64-Bit Analysis & Synthesis
    Info: Version 13.0.0 Build 156 04/24/2013 SJ Full Version
    Info: Processing started: Wed Jul 10 15:14:59 2019
Info: Command: quartus_map --read_settings_files=on --write_settings_files=off ACN -c ACN
Info (11104): Parallel Compilation has detected 4 hyper-threaded processors. However, the extra hyper-threaded processors will not be used by default. Parallel Compilation will use 2 of the 2 physical processors detected instead.
Info (12021): Found 1 design units, including 1 entities, in source file acn.bdf
    Info (12023): Found entity 1: ACN
Info (12021): Found 1 design units, including 1 entities, in source file ctrl_1.v
    Info (12023): Found entity 1: ctrl_1
Info (12021): Found 1 design units, including 1 entities, in source file alu_1.v
    Info (12023): Found entity 1: ALU_1
Info (12021): Found 1 design units, including 1 entities, in source file truncate32_16.v
    Info (12023): Found entity 1: truncate32_16
Info (12021): Found 1 design units, including 1 entities, in source file rom_biase.v
    Info (12023): Found entity 1: rom_biase
Info (12021): Found 1 design units, including 1 entities, in source file rom_weight_1.v
    Info (12023): Found entity 1: rom_weight_1
Info (12021): Found 1 design units, including 1 entities, in source file rom_weight_2.v
    Info (12023): Found entity 1: rom_weight_2
Info (12021): Found 1 design units, including 1 entities, in source file rom_weight_3.v
    Info (12023): Found entity 1: rom_weight_3
Info (12021): Found 1 design units, including 1 entities, in source file rom_weight_4.v
    Info (12023): Found entity 1: rom_weight_4
Info (12021): Found 1 design units, including 1 entities, in source file rom_weight_5.v
    Info (12023): Found entity 1: rom_weight_5
Info (12021): Found 1 design units, including 1 entities, in source file rom_weight_6.v
    Info (12023): Found entity 1: rom_weight_6
Info (12021): Found 1 design units, including 1 entities, in source file rom_weight_7.v
    Info (12023): Found entity 1: rom_weight_7
Info (12021): Found 1 design units, including 1 entities, in source file rom_weight_8.v
    Info (12023): Found entity 1: rom_weight_8
Info (12021): Found 1 design units, including 1 entities, in source file rom_weight_9.v
    Info (12023): Found entity 1: rom_weight_9
Info (12021): Found 1 design units, including 1 entities, in source file rom_weight_10.v
    Info (12023): Found entity 1: rom_weight_10
Info (12021): Found 1 design units, including 1 entities, in source file rom_weight_11.v
    Info (12023): Found entity 1: rom_weight_11
Info (12021): Found 1 design units, including 1 entities, in source file rom_weight_12.v
    Info (12023): Found entity 1: rom_weight_12
Info (12021): Found 1 design units, including 1 entities, in source file original2complement.v
    Info (12023): Found entity 1: original2complement
Info (12021): Found 1 design units, including 1 entities, in source file alu_1_1.v
    Info (12023): Found entity 1: ALU_1_1
Info (12021): Found 1 design units, including 1 entities, in source file alu_1_2.v
    Info (12023): Found entity 1: ALU_1_2
Info (12021): Found 1 design units, including 1 entities, in source file rom_weight2.v
    Info (12023): Found entity 1: rom_weight2
Info (12021): Found 1 design units, including 1 entities, in source file top_entity.v
    Info (12023): Found entity 1: top_entity
Info (12021): Found 1 design units, including 1 entities, in source file alu_2.v
    Info (12023): Found entity 1: ALU_2
Info (12021): Found 1 design units, including 1 entities, in source file ram_1_16.v
    Info (12023): Found entity 1: ram_1_16
Info (12021): Found 1 design units, including 1 entities, in source file ram_2_16.v
    Info (12023): Found entity 1: ram_2_16
Info (12021): Found 1 design units, including 1 entities, in source file rom_biase2.v
    Info (12023): Found entity 1: rom_biase2
Info (12127): Elaborating entity "rom_weight2" for the top level hierarchy
Info (12128): Elaborating entity "altsyncram" for hierarchy "altsyncram:altsyncram_component"
Info (12130): Elaborated megafunction instantiation "altsyncram:altsyncram_component"
Info (12133): Instantiated megafunction "altsyncram:altsyncram_component" with the following parameter:
    Info (12134): Parameter "clock_enable_input_a" = "BYPASS"
    Info (12134): Parameter "clock_enable_output_a" = "BYPASS"
    Info (12134): Parameter "init_file" = "../../../../all connected network/weight_2.mif"
    Info (12134): Parameter "intended_device_family" = "Cyclone II"
    Info (12134): Parameter "lpm_hint" = "ENABLE_RUNTIME_MOD=NO"
    Info (12134): Parameter "lpm_type" = "altsyncram"
    Info (12134): Parameter "numwords_a" = "131072"
    Info (12134): Parameter "operation_mode" = "ROM"
    Info (12134): Parameter "outdata_aclr_a" = "NONE"
    Info (12134): Parameter "outdata_reg_a" = "CLOCK0"
    Info (12134): Parameter "widthad_a" = "17"
    Info (12134): Parameter "width_a" = "16"
    Info (12134): Parameter "width_byteena_a" = "1"
Info (12021): Found 1 design units, including 1 entities, in source file db/altsyncram_g4a1.tdf
    Info (12023): Found entity 1: altsyncram_g4a1
Info (12128): Elaborating entity "altsyncram_g4a1" for hierarchy "altsyncram:altsyncram_component|altsyncram_g4a1:auto_generated"
Info (12021): Found 1 design units, including 1 entities, in source file db/decode_opa.tdf
    Info (12023): Found entity 1: decode_opa
Info (12128): Elaborating entity "decode_opa" for hierarchy "altsyncram:altsyncram_component|altsyncram_g4a1:auto_generated|decode_opa:deep_decode"
Info (12021): Found 1 design units, including 1 entities, in source file db/mux_nlb.tdf
    Info (12023): Found entity 1: mux_nlb
Info (12128): Elaborating entity "mux_nlb" for hierarchy "altsyncram:altsyncram_component|altsyncram_g4a1:auto_generated|mux_nlb:mux2"
Info (16010): Generating hard_block partition "hard_block:auto_generated_inst"
    Info (16011): Adding 0 node(s), including 0 DDIO, 0 PLL, 0 transceiver and 0 LCELL
Info (15717): Design contains 16 virtual pins; timing numbers associated with paths containing virtual pins are estimates
    Info (15719): Pin "q[0]" is virtual output pin
    Info (15719): Pin "q[1]" is virtual output pin
    Info (15719): Pin "q[2]" is virtual output pin
    Info (15719): Pin "q[3]" is virtual output pin
    Info (15719): Pin "q[4]" is virtual output pin
    Info (15719): Pin "q[5]" is virtual output pin
    Info (15719): Pin "q[6]" is virtual output pin
    Info (15719): Pin "q[7]" is virtual output pin
    Info (15719): Pin "q[8]" is virtual output pin
    Info (15719): Pin "q[9]" is virtual output pin
    Info (15719): Pin "q[10]" is virtual output pin
    Info (15719): Pin "q[11]" is virtual output pin
    Info (15719): Pin "q[12]" is virtual output pin
    Info (15719): Pin "q[13]" is virtual output pin
    Info (15719): Pin "q[14]" is virtual output pin
    Info (15719): Pin "q[15]" is virtual output pin
Warning (15752): Ignored 52 Virtual Pin logic option assignments
    Warning (15751): Ignored Virtual Pin assignment to "mulw7".
    Warning (15751): Ignored Virtual Pin assignment to "mula11".
    Warning (15751): Ignored Virtual Pin assignment to "input_data2".
    Warning (15751): Ignored Virtual Pin assignment to "mula8".
    Warning (15751): Ignored Virtual Pin assignment to "addr_bw".
    Warning (15751): Ignored Virtual Pin assignment to "mula5".
    Warning (15751): Ignored Virtual Pin assignment to "mulw5".
    Warning (15751): Ignored Virtual Pin assignment to "mula2".
    Warning (15751): Ignored Virtual Pin assignment to "input_data15".
    Warning (15751): Ignored Virtual Pin assignment to "input_data12".
    Warning (15751): Ignored Virtual Pin assignment to "mulw14".
    Warning (15751): Ignored Virtual Pin assignment to "mulw2".
    Warning (15751): Ignored Virtual Pin assignment to "input_data9".
    Warning (15751): Ignored Virtual Pin assignment to "mulw11".
    Warning (15751): Ignored Virtual Pin assignment to "mula15".
    Warning (15751): Ignored Virtual Pin assignment to "input_data6".
    Warning (15751): Ignored Virtual Pin assignment to "mulw13".
    Warning (15751): Ignored Virtual Pin assignment to "mula12".
    Warning (15751): Ignored Virtual Pin assignment to "input_data3".
    Warning (15751): Ignored Virtual Pin assignment to "mulw6".
    Warning (15751): Ignored Virtual Pin assignment to "mula9".
    Warning (15751): Ignored Virtual Pin assignment to "biase".
    Warning (15751): Ignored Virtual Pin assignment to "mulw4".
    Warning (15751): Ignored Virtual Pin assignment to "mula6".
    Warning (15751): Ignored Virtual Pin assignment to "mula3".
    Warning (15751): Ignored Virtual Pin assignment to "input_data16".
    Warning (15751): Ignored Virtual Pin assignment to "input_data13".
    Warning (15751): Ignored Virtual Pin assignment to "input_data10".
    Warning (15751): Ignored Virtual Pin assignment to "mulw16".
    Warning (15751): Ignored Virtual Pin assignment to "mula16".
    Warning (15751): Ignored Virtual Pin assignment to "input_data7".
    Warning (15751): Ignored Virtual Pin assignment to "truncated_data".
    Warning (15751): Ignored Virtual Pin assignment to "mula13".
    Warning (15751): Ignored Virtual Pin assignment to "input_data4".
    Warning (15751): Ignored Virtual Pin assignment to "mulw12".
    Warning (15751): Ignored Virtual Pin assignment to "mula10".
    Warning (15751): Ignored Virtual Pin assignment to "input_data1".
    Warning (15751): Ignored Virtual Pin assignment to "mulw10".
    Warning (15751): Ignored Virtual Pin assignment to "mula7".
    Warning (15751): Ignored Virtual Pin assignment to "mula4".
    Warning (15751): Ignored Virtual Pin assignment to "mulw8".
    Warning (15751): Ignored Virtual Pin assignment to "mula1".
    Warning (15751): Ignored Virtual Pin assignment to "mulw15".
    Warning (15751): Ignored Virtual Pin assignment to "input_data14".
    Warning (15751): Ignored Virtual Pin assignment to "mulw3".
    Warning (15751): Ignored Virtual Pin assignment to "input_data11".
    Warning (15751): Ignored Virtual Pin assignment to "original_data".
    Warning (15751): Ignored Virtual Pin assignment to "mulw1".
    Warning (15751): Ignored Virtual Pin assignment to "input_data8".
    Warning (15751): Ignored Virtual Pin assignment to "mulw9".
    Warning (15751): Ignored Virtual Pin assignment to "mula14".
    Warning (15751): Ignored Virtual Pin assignment to "input_data5".
Info (21057): Implemented 952 device resources after synthesis - the final resource count might be different
    Info (21058): Implemented 18 input pins
    Info (21059): Implemented 0 output pins
    Info (21061): Implemented 422 logic cells
    Info (21064): Implemented 512 RAM segments
Info: Quartus II 64-Bit Analysis & Synthesis was successful. 0 errors, 53 warnings
    Info: Peak virtual memory: 4658 megabytes
    Info: Processing ended: Wed Jul 10 15:15:04 2019
    Info: Elapsed time: 00:00:05
    Info: Total CPU time (on all processors): 00:00:05


